Starting a Gradle Daemon, 7 stopped Daemons could not be reused, use --status for details

  .   ____          _            __ _ _
 /\\ / ___'_ __ _ _(_)_ __  __ _ \ \ \ \
( ( )\___ | '_ | '_| | '_ \/ _` | \ \ \ \
 \\/  ___)| |_)| | | | | || (_| |  ) ) ) )
  '  |____| .__|_| |_|_| |_\__, | / / / /
 =========|_|==============|___/=/_/_/_/
 :: Spring Boot ::        (v2.1.2.RELEASE)

2019-02-13 14:15:26.452  INFO 57995 --- [           main] c.e.demo.redtest.ProducerApplication     : Starting ProducerApplication on sare.local with PID 57995 (/Users/sare/workspace/event-red-testing/demo-producer/build/classes/java/main started by sare in /Users/sare/workspace/event-red-testing/demo-producer)
2019-02-13 14:15:26.456  INFO 57995 --- [           main] c.e.demo.redtest.ProducerApplication     : No active profile set, falling back to default profiles: default
2019-02-13 14:15:28.068  INFO 57995 --- [           main] faultConfiguringBeanFactoryPostProcessor : No bean named 'errorChannel' has been explicitly defined. Therefore, a default PublishSubscribeChannel will be created.
2019-02-13 14:15:28.074  INFO 57995 --- [           main] faultConfiguringBeanFactoryPostProcessor : No bean named 'taskScheduler' has been explicitly defined. Therefore, a default ThreadPoolTaskScheduler will be created.
2019-02-13 14:15:28.080  INFO 57995 --- [           main] faultConfiguringBeanFactoryPostProcessor : No bean named 'integrationHeaderChannelRegistry' has been explicitly defined. Therefore, a default DefaultHeaderChannelRegistry will be created.
2019-02-13 14:15:28.144  INFO 57995 --- [           main] trationDelegate$BeanPostProcessorChecker : Bean 'org.springframework.amqp.rabbit.annotation.RabbitBootstrapConfiguration' of type [org.springframework.amqp.rabbit.annotation.RabbitBootstrapConfiguration$$EnhancerBySpringCGLIB$$244d1059] is not eligible for getting processed by all BeanPostProcessors (for example: not eligible for auto-proxying)
2019-02-13 14:15:28.186  INFO 57995 --- [           main] trationDelegate$BeanPostProcessorChecker : Bean 'integrationDisposableAutoCreatedBeans' of type [org.springframework.integration.config.annotation.Disposables] is not eligible for getting processed by all BeanPostProcessors (for example: not eligible for auto-proxying)
2019-02-13 14:15:28.211  INFO 57995 --- [           main] trationDelegate$BeanPostProcessorChecker : Bean 'org.springframework.integration.config.IntegrationManagementConfiguration' of type [org.springframework.integration.config.IntegrationManagementConfiguration$$EnhancerBySpringCGLIB$$c8d30d5a] is not eligible for getting processed by all BeanPostProcessors (for example: not eligible for auto-proxying)
2019-02-13 14:15:28.227  INFO 57995 --- [           main] trationDelegate$BeanPostProcessorChecker : Bean 'org.springframework.boot.autoconfigure.integration.IntegrationAutoConfiguration$IntegrationJmxConfiguration' of type [org.springframework.boot.autoconfigure.integration.IntegrationAutoConfiguration$IntegrationJmxConfiguration$$EnhancerBySpringCGLIB$$a465187a] is not eligible for getting processed by all BeanPostProcessors (for example: not eligible for auto-proxying)
2019-02-13 14:15:28.243  INFO 57995 --- [           main] trationDelegate$BeanPostProcessorChecker : Bean 'org.springframework.boot.autoconfigure.jmx.JmxAutoConfiguration' of type [org.springframework.boot.autoconfigure.jmx.JmxAutoConfiguration$$EnhancerBySpringCGLIB$$dd4cc147] is not eligible for getting processed by all BeanPostProcessors (for example: not eligible for auto-proxying)
2019-02-13 14:15:28.251  INFO 57995 --- [           main] trationDelegate$BeanPostProcessorChecker : Bean 'mbeanServer' of type [com.sun.jmx.mbeanserver.JmxMBeanServer] is not eligible for getting processed by all BeanPostProcessors (for example: not eligible for auto-proxying)
2019-02-13 14:15:29.026  INFO 57995 --- [           main] o.s.b.w.embedded.tomcat.TomcatWebServer  : Tomcat initialized with port(s): 1234 (http)
2019-02-13 14:15:29.078  INFO 57995 --- [           main] o.apache.catalina.core.StandardService   : Starting service [Tomcat]
2019-02-13 14:15:29.079  INFO 57995 --- [           main] org.apache.catalina.core.StandardEngine  : Starting Servlet engine: [Apache Tomcat/9.0.14]
2019-02-13 14:15:29.094  INFO 57995 --- [           main] o.a.catalina.core.AprLifecycleListener   : The APR based Apache Tomcat Native library which allows optimal performance in production environments was not found on the java.library.path: [/Users/sare/Library/Java/Extensions:/Library/Java/Extensions:/Network/Library/Java/Extensions:/System/Library/Java/Extensions:/usr/lib/java:.]
2019-02-13 14:15:29.220  INFO 57995 --- [           main] o.a.c.c.C.[Tomcat].[localhost].[/]       : Initializing Spring embedded WebApplicationContext
2019-02-13 14:15:29.221  INFO 57995 --- [           main] o.s.web.context.ContextLoader            : Root WebApplicationContext: initialization completed in 2338 ms
2019-02-13 14:15:30.042  INFO 57995 --- [           main] o.s.s.concurrent.ThreadPoolTaskExecutor  : Initializing ExecutorService 'applicationTaskExecutor'
2019-02-13 14:15:30.422  INFO 57995 --- [           main] o.s.s.c.ThreadPoolTaskScheduler          : Initializing ExecutorService 'taskScheduler'
2019-02-13 14:15:30.578  INFO 57995 --- [           main] o.s.i.monitor.IntegrationMBeanExporter   : Registering MessageChannel errorChannel
2019-02-13 14:15:30.651  INFO 57995 --- [           main] o.s.i.monitor.IntegrationMBeanExporter   : Registering MessageChannel nullChannel
2019-02-13 14:15:30.674  INFO 57995 --- [           main] o.s.i.monitor.IntegrationMBeanExporter   : Registering MessageChannel foodOrdersChannel
2019-02-13 14:15:30.750  INFO 57995 --- [           main] o.s.i.monitor.IntegrationMBeanExporter   : Registering MessageHandler errorLogger
2019-02-13 14:15:30.783  INFO 57995 --- [           main] o.s.i.endpoint.EventDrivenConsumer       : Adding {logging-channel-adapter:_org.springframework.integration.errorLogger} as a subscriber to the 'errorChannel' channel
2019-02-13 14:15:30.783  INFO 57995 --- [           main] o.s.i.channel.PublishSubscribeChannel    : Channel 'application.errorChannel' has 1 subscriber(s).
2019-02-13 14:15:30.783  INFO 57995 --- [           main] o.s.i.endpoint.EventDrivenConsumer       : started _org.springframework.integration.errorLogger
2019-02-13 14:15:30.944  INFO 57995 --- [           main] o.s.a.r.c.CachingConnectionFactory       : Attempting to connect to: [localhost:5672]
2019-02-13 14:15:31.013  INFO 57995 --- [           main] o.s.a.r.c.CachingConnectionFactory       : Created new connection: rabbitConnectionFactory#1e253c9d:0/SimpleConnection@167381c7 [delegate=amqp://guest@127.0.0.1:5672/, localPort= 55529]
2019-02-13 14:15:31.048  INFO 57995 --- [           main] o.s.c.s.m.DirectWithAttributesChannel    : Channel 'application.foodOrdersChannel' has 1 subscriber(s).
2019-02-13 14:15:31.084  INFO 57995 --- [           main] o.s.b.w.embedded.tomcat.TomcatWebServer  : Tomcat started on port(s): 1234 (http) with context path ''
2019-02-13 14:15:31.085  INFO 57995 --- [           main] c.e.demo.redtest.ProducerApplication     : Started ProducerApplication in 5.03 seconds (JVM running for 5.424)
2019-02-13 14:15:31.735  INFO 57995 --- [nio-1234-exec-1] o.a.c.c.C.[Tomcat].[localhost].[/]       : Initializing Spring DispatcherServlet 'dispatcherServlet'
2019-02-13 14:15:31.735  INFO 57995 --- [nio-1234-exec-1] o.s.web.servlet.DispatcherServlet        : Initializing Servlet 'dispatcherServlet'
2019-02-13 14:15:31.743  INFO 57995 --- [nio-1234-exec-1] o.s.web.servlet.DispatcherServlet        : Completed initialization in 8 ms
sample+message=
2019-02-13 14:15:31.790  INFO 57995 --- [nio-1234-exec-1] o.s.a.r.c.CachingConnectionFactory       : Attempting to connect to: [localhost:5672]
2019-02-13 14:15:31.795  INFO 57995 --- [nio-1234-exec-1] o.s.a.r.c.CachingConnectionFactory       : Created new connection: rabbitConnectionFactory.publisher#41c5bfc3:0/SimpleConnection@788baa49 [delegate=amqp://guest@127.0.0.1:5672/, localPort= 55531]
