Starting a Gradle Daemon, 5 stopped Daemons could not be reused, use --status for details

  .   ____          _            __ _ _
 /\\ / ___'_ __ _ _(_)_ __  __ _ \ \ \ \
( ( )\___ | '_ | '_| | '_ \/ _` | \ \ \ \
 \\/  ___)| |_)| | | | | || (_| |  ) ) ) )
  '  |____| .__|_| |_|_| |_\__, | / / / /
 =========|_|==============|___/=/_/_/_/
 :: Spring Boot ::        (v2.1.2.RELEASE)

2019-02-13 15:35:17.627  INFO 76644 --- [           main] c.e.demo.consumer.ConsumerApplication    : Starting ConsumerApplication on sare.local with PID 76644 (/Users/sare/workspace/event-red-testing/demo-consumer/build/classes/java/main started by sare in /Users/sare/workspace/event-red-testing/demo-consumer)
2019-02-13 15:35:17.631  INFO 76644 --- [           main] c.e.demo.consumer.ConsumerApplication    : No active profile set, falling back to default profiles: default
2019-02-13 15:35:19.322  INFO 76644 --- [           main] faultConfiguringBeanFactoryPostProcessor : No bean named 'errorChannel' has been explicitly defined. Therefore, a default PublishSubscribeChannel will be created.
2019-02-13 15:35:19.328  INFO 76644 --- [           main] faultConfiguringBeanFactoryPostProcessor : No bean named 'taskScheduler' has been explicitly defined. Therefore, a default ThreadPoolTaskScheduler will be created.
2019-02-13 15:35:19.332  INFO 76644 --- [           main] faultConfiguringBeanFactoryPostProcessor : No bean named 'integrationHeaderChannelRegistry' has been explicitly defined. Therefore, a default DefaultHeaderChannelRegistry will be created.
2019-02-13 15:35:19.388  INFO 76644 --- [           main] trationDelegate$BeanPostProcessorChecker : Bean 'org.springframework.amqp.rabbit.annotation.RabbitBootstrapConfiguration' of type [org.springframework.amqp.rabbit.annotation.RabbitBootstrapConfiguration$$EnhancerBySpringCGLIB$$8bb346f7] is not eligible for getting processed by all BeanPostProcessors (for example: not eligible for auto-proxying)
2019-02-13 15:35:19.428  INFO 76644 --- [           main] trationDelegate$BeanPostProcessorChecker : Bean 'integrationDisposableAutoCreatedBeans' of type [org.springframework.integration.config.annotation.Disposables] is not eligible for getting processed by all BeanPostProcessors (for example: not eligible for auto-proxying)
2019-02-13 15:35:19.455  INFO 76644 --- [           main] trationDelegate$BeanPostProcessorChecker : Bean 'org.springframework.integration.config.IntegrationManagementConfiguration' of type [org.springframework.integration.config.IntegrationManagementConfiguration$$EnhancerBySpringCGLIB$$303943f8] is not eligible for getting processed by all BeanPostProcessors (for example: not eligible for auto-proxying)
2019-02-13 15:35:19.468  INFO 76644 --- [           main] trationDelegate$BeanPostProcessorChecker : Bean 'org.springframework.boot.autoconfigure.integration.IntegrationAutoConfiguration$IntegrationJmxConfiguration' of type [org.springframework.boot.autoconfigure.integration.IntegrationAutoConfiguration$IntegrationJmxConfiguration$$EnhancerBySpringCGLIB$$bcb4f18] is not eligible for getting processed by all BeanPostProcessors (for example: not eligible for auto-proxying)
2019-02-13 15:35:19.488  INFO 76644 --- [           main] trationDelegate$BeanPostProcessorChecker : Bean 'org.springframework.boot.autoconfigure.jmx.JmxAutoConfiguration' of type [org.springframework.boot.autoconfigure.jmx.JmxAutoConfiguration$$EnhancerBySpringCGLIB$$44b2f7e5] is not eligible for getting processed by all BeanPostProcessors (for example: not eligible for auto-proxying)
2019-02-13 15:35:19.500  INFO 76644 --- [           main] trationDelegate$BeanPostProcessorChecker : Bean 'mbeanServer' of type [com.sun.jmx.mbeanserver.JmxMBeanServer] is not eligible for getting processed by all BeanPostProcessors (for example: not eligible for auto-proxying)
2019-02-13 15:35:20.261  INFO 76644 --- [           main] o.s.b.w.embedded.tomcat.TomcatWebServer  : Tomcat initialized with port(s): 4321 (http)
2019-02-13 15:35:20.315  INFO 76644 --- [           main] o.apache.catalina.core.StandardService   : Starting service [Tomcat]
2019-02-13 15:35:20.315  INFO 76644 --- [           main] org.apache.catalina.core.StandardEngine  : Starting Servlet engine: [Apache Tomcat/9.0.14]
2019-02-13 15:35:20.331  INFO 76644 --- [           main] o.a.catalina.core.AprLifecycleListener   : The APR based Apache Tomcat Native library which allows optimal performance in production environments was not found on the java.library.path: [/Users/sare/Library/Java/Extensions:/Library/Java/Extensions:/Network/Library/Java/Extensions:/System/Library/Java/Extensions:/usr/lib/java:.]
2019-02-13 15:35:20.441  INFO 76644 --- [           main] o.a.c.c.C.[Tomcat].[localhost].[/]       : Initializing Spring embedded WebApplicationContext
2019-02-13 15:35:20.441  INFO 76644 --- [           main] o.s.web.context.ContextLoader            : Root WebApplicationContext: initialization completed in 2326 ms
2019-02-13 15:35:21.209  INFO 76644 --- [           main] o.s.s.concurrent.ThreadPoolTaskExecutor  : Initializing ExecutorService 'applicationTaskExecutor'
2019-02-13 15:35:21.643  INFO 76644 --- [           main] o.s.s.c.ThreadPoolTaskScheduler          : Initializing ExecutorService 'taskScheduler'
2019-02-13 15:35:21.872  INFO 76644 --- [           main] o.s.i.monitor.IntegrationMBeanExporter   : Registering MessageChannel input
2019-02-13 15:35:21.976  INFO 76644 --- [           main] o.s.i.monitor.IntegrationMBeanExporter   : Registering MessageChannel errorChannel
2019-02-13 15:35:22.030  INFO 76644 --- [           main] o.s.i.monitor.IntegrationMBeanExporter   : Registering MessageChannel nullChannel
2019-02-13 15:35:22.054  INFO 76644 --- [           main] o.s.i.monitor.IntegrationMBeanExporter   : Registering MessageHandler errorLogger
2019-02-13 15:35:22.125  INFO 76644 --- [           main] o.s.c.s.m.DirectWithAttributesChannel    : Channel 'application.input' has 1 subscriber(s).
2019-02-13 15:35:22.132  INFO 76644 --- [           main] o.s.i.endpoint.EventDrivenConsumer       : Adding {logging-channel-adapter:_org.springframework.integration.errorLogger} as a subscriber to the 'errorChannel' channel
2019-02-13 15:35:22.132  INFO 76644 --- [           main] o.s.i.channel.PublishSubscribeChannel    : Channel 'application.errorChannel' has 1 subscriber(s).
2019-02-13 15:35:22.133  INFO 76644 --- [           main] o.s.i.endpoint.EventDrivenConsumer       : started _org.springframework.integration.errorLogger
2019-02-13 15:35:22.340  INFO 76644 --- [           main] c.s.b.r.p.RabbitExchangeQueueProvisioner : declaring queue for inbound: thingTopicSlashExchange.thingQueue, bound to: thingTopicSlashExchange
2019-02-13 15:35:22.348  INFO 76644 --- [           main] o.s.a.r.c.CachingConnectionFactory       : Attempting to connect to: [localhost:5672]
2019-02-13 15:35:22.432  INFO 76644 --- [           main] o.s.a.r.c.CachingConnectionFactory       : Created new connection: rabbitConnectionFactory#4052c8c2:0/SimpleConnection@15f35bc3 [delegate=amqp://guest@127.0.0.1:5672/, localPort= 57292]
2019-02-13 15:35:22.512  INFO 76644 --- [           main] o.s.i.monitor.IntegrationMBeanExporter   : Registering MessageChannel thingTopicSlashExchange.thingQueue.errors
2019-02-13 15:35:22.589  INFO 76644 --- [           main] o.s.c.stream.binder.BinderErrorChannel   : Channel 'application.thingTopicSlashExchange.thingQueue.errors' has 1 subscriber(s).
2019-02-13 15:35:22.589  INFO 76644 --- [           main] o.s.c.stream.binder.BinderErrorChannel   : Channel 'application.thingTopicSlashExchange.thingQueue.errors' has 2 subscriber(s).
2019-02-13 15:35:22.605  INFO 76644 --- [           main] o.s.i.a.i.AmqpInboundChannelAdapter      : started inbound.thingTopicSlashExchange.thingQueue
2019-02-13 15:35:22.649  INFO 76644 --- [           main] o.s.b.w.embedded.tomcat.TomcatWebServer  : Tomcat started on port(s): 4321 (http) with context path ''
2019-02-13 15:35:22.651  INFO 76644 --- [           main] c.e.demo.consumer.ConsumerApplication    : Started ConsumerApplication in 5.509 seconds (JVM running for 5.945)
2019-02-13 15:35:23.581  INFO 76644 --- [nio-4321-exec-1] o.a.c.c.C.[Tomcat].[localhost].[/]       : Initializing Spring DispatcherServlet 'dispatcherServlet'
2019-02-13 15:35:23.581  INFO 76644 --- [nio-4321-exec-1] o.s.web.servlet.DispatcherServlet        : Initializing Servlet 'dispatcherServlet'
2019-02-13 15:35:23.587  INFO 76644 --- [nio-4321-exec-1] o.s.web.servlet.DispatcherServlet        : Completed initialization in 6 ms
This was the message: message 1
This was the message: message 3
This was the message: message 4
